2023-03-08 03:48:05,470 [INFO] -----------------------Starting build-----------------------
2023-03-08 03:48:05,476 [INFO] Running configSets: _OnInstanceBoot
2023-03-08 03:48:05,479 [INFO] Running configSet _OnInstanceBoot
2023-03-08 03:48:05,482 [INFO] Running config AWSEBBaseConfig
2023-03-08 03:48:05,730 [INFO] Command clearbackupfiles succeeded
2023-03-08 03:48:05,734 [INFO] Running config AWSEBCfnHupEndpointOverride
2023-03-08 03:48:05,738 [INFO] Command clearbackupfiles succeeded
2023-03-08 03:48:05,739 [INFO] ConfigSets completed
2023-03-08 03:48:05,739 [INFO] -----------------------Build complete-----------------------
2023-03-08 03:48:39,397 [INFO] -----------------------Starting build-----------------------
2023-03-08 03:48:39,404 [INFO] Running configSets: Infra-EmbeddedPreBuild
2023-03-08 03:48:39,406 [INFO] Running configSet Infra-EmbeddedPreBuild
2023-03-08 03:48:39,406 [INFO] ConfigSets completed
2023-03-08 03:48:39,407 [INFO] -----------------------Build complete-----------------------
2023-03-08 03:48:42,488 [INFO] -----------------------Starting build-----------------------
2023-03-08 03:48:42,495 [INFO] Running configSets: Infra-EmbeddedPostBuild
2023-03-08 03:48:42,498 [INFO] Running configSet Infra-EmbeddedPostBuild
2023-03-08 03:48:42,501 [INFO] Running config postbuild_0_Testing_Up_VPC
2023-03-08 03:48:42,539 [INFO] Command 01_set_bne succeeded
2023-03-08 03:48:42,562 [INFO] Command 02_set_bne succeeded
2023-03-08 03:48:42,563 [INFO] ConfigSets completed
2023-03-08 03:48:42,563 [INFO] -----------------------Build complete-----------------------
2023-03-08 19:56:01,106 [INFO] -----------------------Starting build-----------------------
2023-03-08 19:56:01,114 [INFO] Running configSets: Infra-EmbeddedPreBuild
2023-03-08 19:56:01,116 [INFO] Running configSet Infra-EmbeddedPreBuild
2023-03-08 19:56:01,117 [INFO] ConfigSets completed
2023-03-08 19:56:01,117 [INFO] -----------------------Build complete-----------------------
2023-03-08 19:56:04,144 [INFO] -----------------------Starting build-----------------------
2023-03-08 19:56:04,150 [INFO] Running configSets: Infra-EmbeddedPostBuild
2023-03-08 19:56:04,152 [INFO] Running configSet Infra-EmbeddedPostBuild
2023-03-08 19:56:04,155 [INFO] Running config postbuild_0_Testing_Up_VPC
2023-03-08 19:56:04,196 [INFO] Command 01_set_bne succeeded
2023-03-08 19:56:04,219 [INFO] Command 02_set_bne succeeded
2023-03-08 19:56:04,220 [INFO] ConfigSets completed
2023-03-08 19:56:04,221 [INFO] -----------------------Build complete-----------------------
2023-03-08 20:51:54,462 [INFO] -----------------------Starting build-----------------------
2023-03-08 20:51:54,468 [INFO] Running configSets: Infra-EmbeddedPreBuild
2023-03-08 20:51:54,471 [INFO] Running configSet Infra-EmbeddedPreBuild
2023-03-08 20:51:54,471 [INFO] ConfigSets completed
2023-03-08 20:51:54,471 [INFO] -----------------------Build complete-----------------------
2023-03-08 20:51:57,485 [INFO] -----------------------Starting build-----------------------
2023-03-08 20:51:57,492 [INFO] Running configSets: Infra-EmbeddedPostBuild
2023-03-08 20:51:57,494 [INFO] Running configSet Infra-EmbeddedPostBuild
2023-03-08 20:51:57,497 [INFO] Running config postbuild_0_Testing_Up_VPC
2023-03-08 20:51:57,529 [INFO] Command 01_set_bne succeeded
2023-03-08 20:51:57,550 [INFO] Command 02_set_bne succeeded
2023-03-08 20:51:57,552 [INFO] ConfigSets completed
2023-03-08 20:51:57,552 [INFO] -----------------------Build complete-----------------------
2023-03-08 20:58:02,748 [INFO] -----------------------Starting build-----------------------
2023-03-08 20:58:02,755 [INFO] Running configSets: Infra-EmbeddedPreBuild
2023-03-08 20:58:02,757 [INFO] Running configSet Infra-EmbeddedPreBuild
2023-03-08 20:58:02,757 [INFO] ConfigSets completed
2023-03-08 20:58:02,757 [INFO] -----------------------Build complete-----------------------
2023-03-08 20:58:05,728 [INFO] -----------------------Starting build-----------------------
2023-03-08 20:58:05,734 [INFO] Running configSets: Infra-EmbeddedPostBuild
2023-03-08 20:58:05,737 [INFO] Running configSet Infra-EmbeddedPostBuild
2023-03-08 20:58:05,740 [INFO] Running config postbuild_0_Testing_Up_VPC
2023-03-08 20:58:05,761 [INFO] Command 01_set_bne succeeded
2023-03-08 20:58:05,782 [INFO] Command 02_set_bne succeeded
2023-03-08 20:58:05,783 [INFO] ConfigSets completed
2023-03-08 20:58:05,784 [INFO] -----------------------Build complete-----------------------
2023-03-09 21:15:07,174 [INFO] -----------------------Starting build-----------------------
2023-03-09 21:15:07,182 [INFO] Running configSets: Infra-EmbeddedPreBuild
2023-03-09 21:15:07,185 [INFO] Running configSet Infra-EmbeddedPreBuild
2023-03-09 21:15:07,186 [INFO] ConfigSets completed
2023-03-09 21:15:07,186 [INFO] -----------------------Build complete-----------------------
2023-03-09 21:15:10,453 [INFO] -----------------------Starting build-----------------------
2023-03-09 21:15:10,460 [INFO] Running configSets: Infra-EmbeddedPostBuild
2023-03-09 21:15:10,462 [INFO] Running configSet Infra-EmbeddedPostBuild
2023-03-09 21:15:10,469 [INFO] Running config postbuild_0_Testing_Up_VPC
2023-03-09 21:15:10,531 [INFO] Command 01_set_bne succeeded
2023-03-09 21:15:10,556 [INFO] Command 02_set_bne succeeded
2023-03-09 21:15:10,557 [INFO] ConfigSets completed
2023-03-09 21:15:10,558 [INFO] -----------------------Build complete-----------------------
2023-03-10 14:55:10,143 [INFO] -----------------------Starting build-----------------------
2023-03-10 14:55:10,150 [INFO] Running configSets: Infra-EmbeddedPreBuild
2023-03-10 14:55:10,153 [INFO] Running configSet Infra-EmbeddedPreBuild
2023-03-10 14:55:10,153 [INFO] ConfigSets completed
2023-03-10 14:55:10,154 [INFO] -----------------------Build complete-----------------------
2023-03-10 14:55:13,644 [INFO] -----------------------Starting build-----------------------
2023-03-10 14:55:13,652 [INFO] Running configSets: Infra-EmbeddedPostBuild
2023-03-10 14:55:13,655 [INFO] Running configSet Infra-EmbeddedPostBuild
2023-03-10 14:55:13,661 [INFO] Running config postbuild_0_Testing_Up_VPC
2023-03-10 14:55:13,725 [INFO] Command 01_set_bne succeeded
2023-03-10 14:55:13,748 [INFO] Command 02_set_bne succeeded
2023-03-10 14:55:13,749 [INFO] ConfigSets completed
2023-03-10 14:55:13,749 [INFO] -----------------------Build complete-----------------------
2023-03-10 15:16:16,787 [INFO] -----------------------Starting build-----------------------
2023-03-10 15:16:16,796 [INFO] Running configSets: Infra-EmbeddedPreBuild
2023-03-10 15:16:16,799 [INFO] Running configSet Infra-EmbeddedPreBuild
2023-03-10 15:16:16,799 [INFO] ConfigSets completed
2023-03-10 15:16:16,800 [INFO] -----------------------Build complete-----------------------
2023-03-10 15:16:20,594 [INFO] -----------------------Starting build-----------------------
2023-03-10 15:16:20,601 [INFO] Running configSets: Infra-EmbeddedPostBuild
2023-03-10 15:16:20,604 [INFO] Running configSet Infra-EmbeddedPostBuild
2023-03-10 15:16:20,607 [INFO] Running config postbuild_0_Testing_Up_VPC
2023-03-10 15:16:20,658 [INFO] Command 01_set_bne succeeded
2023-03-10 15:16:20,683 [INFO] Command 02_set_bne succeeded
2023-03-10 15:16:20,685 [INFO] ConfigSets completed
2023-03-10 15:16:20,685 [INFO] -----------------------Build complete-----------------------
2023-03-10 18:18:09,240 [INFO] -----------------------Starting build-----------------------
2023-03-10 18:18:09,247 [INFO] Running configSets: Infra-EmbeddedPreBuild
2023-03-10 18:18:09,249 [INFO] Running configSet Infra-EmbeddedPreBuild
2023-03-10 18:18:09,250 [INFO] ConfigSets completed
2023-03-10 18:18:09,250 [INFO] -----------------------Build complete-----------------------
2023-03-10 18:18:12,599 [INFO] -----------------------Starting build-----------------------
2023-03-10 18:18:12,606 [INFO] Running configSets: Infra-EmbeddedPostBuild
2023-03-10 18:18:12,608 [INFO] Running configSet Infra-EmbeddedPostBuild
2023-03-10 18:18:12,611 [INFO] Running config postbuild_0_Testing_Up_VPC
2023-03-10 18:18:12,661 [INFO] Command 01_set_bne succeeded
2023-03-10 18:18:12,684 [INFO] Command 02_set_bne succeeded
2023-03-10 18:18:12,685 [INFO] ConfigSets completed
2023-03-10 18:18:12,686 [INFO] -----------------------Build complete-----------------------
2023-03-10 20:48:34,816 [INFO] -----------------------Starting build-----------------------
2023-03-10 20:48:34,828 [INFO] Running configSets: Infra-EmbeddedPreBuild
2023-03-10 20:48:34,831 [INFO] Running configSet Infra-EmbeddedPreBuild
2023-03-10 20:48:34,832 [INFO] ConfigSets completed
2023-03-10 20:48:34,832 [INFO] -----------------------Build complete-----------------------
2023-03-10 20:48:42,784 [INFO] -----------------------Starting build-----------------------
2023-03-10 20:48:42,796 [INFO] Running configSets: Infra-EmbeddedPostBuild
2023-03-10 20:48:42,798 [INFO] Running configSet Infra-EmbeddedPostBuild
2023-03-10 20:48:42,801 [INFO] Running config postbuild_0_Testing_Up_VPC
2023-03-10 20:48:42,879 [INFO] Command 01_set_bne succeeded
2023-03-10 20:48:42,922 [INFO] Command 02_set_bne succeeded
2023-03-10 20:48:42,923 [INFO] ConfigSets completed
2023-03-10 20:48:42,924 [INFO] -----------------------Build complete-----------------------
2023-03-10 21:04:46,058 [INFO] -----------------------Starting build-----------------------
2023-03-10 21:04:46,065 [INFO] Running configSets: Infra-EmbeddedPreBuild
2023-03-10 21:04:46,067 [INFO] Running configSet Infra-EmbeddedPreBuild
2023-03-10 21:04:46,068 [INFO] ConfigSets completed
2023-03-10 21:04:46,068 [INFO] -----------------------Build complete-----------------------
2023-03-10 21:04:49,908 [INFO] -----------------------Starting build-----------------------
2023-03-10 21:04:49,916 [INFO] Running configSets: Infra-EmbeddedPostBuild
2023-03-10 21:04:49,924 [INFO] Running configSet Infra-EmbeddedPostBuild
2023-03-10 21:04:49,927 [INFO] Running config postbuild_0_Testing_Up_VPC
2023-03-10 21:04:50,002 [INFO] Command 01_set_bne succeeded
2023-03-10 21:04:50,046 [INFO] Command 02_set_bne succeeded
2023-03-10 21:04:50,048 [INFO] ConfigSets completed
2023-03-10 21:04:50,048 [INFO] -----------------------Build complete-----------------------
2023-03-14 14:09:12,148 [INFO] -----------------------Starting build-----------------------
2023-03-14 14:09:12,155 [INFO] Running configSets: Infra-EmbeddedPreBuild
2023-03-14 14:09:12,158 [INFO] Running configSet Infra-EmbeddedPreBuild
2023-03-14 14:09:12,159 [INFO] ConfigSets completed
2023-03-14 14:09:12,159 [INFO] -----------------------Build complete-----------------------
2023-03-14 14:09:15,612 [INFO] -----------------------Starting build-----------------------
2023-03-14 14:09:15,620 [INFO] Running configSets: Infra-EmbeddedPostBuild
2023-03-14 14:09:15,622 [INFO] Running configSet Infra-EmbeddedPostBuild
2023-03-14 14:09:15,625 [INFO] Running config postbuild_0_Testing_Up_VPC
2023-03-14 14:09:15,675 [INFO] Command 01_set_bne succeeded
2023-03-14 14:09:15,700 [INFO] Command 02_set_bne succeeded
2023-03-14 14:09:15,701 [INFO] ConfigSets completed
2023-03-14 14:09:15,701 [INFO] -----------------------Build complete-----------------------
2023-03-14 19:46:43,238 [INFO] -----------------------Starting build-----------------------
2023-03-14 19:46:43,245 [INFO] Running configSets: Infra-EmbeddedPreBuild
2023-03-14 19:46:43,248 [INFO] Running configSet Infra-EmbeddedPreBuild
2023-03-14 19:46:43,249 [INFO] ConfigSets completed
2023-03-14 19:46:43,249 [INFO] -----------------------Build complete-----------------------
2023-03-14 19:46:46,666 [INFO] -----------------------Starting build-----------------------
2023-03-14 19:46:46,673 [INFO] Running configSets: Infra-EmbeddedPostBuild
2023-03-14 19:46:46,676 [INFO] Running configSet Infra-EmbeddedPostBuild
2023-03-14 19:46:46,679 [INFO] Running config postbuild_0_Testing_Up_VPC
2023-03-14 19:46:46,732 [INFO] Command 01_set_bne succeeded
2023-03-14 19:46:46,756 [INFO] Command 02_set_bne succeeded
2023-03-14 19:46:46,758 [INFO] ConfigSets completed
2023-03-14 19:46:46,758 [INFO] -----------------------Build complete-----------------------
2023-03-16 19:02:02,286 [INFO] -----------------------Starting build-----------------------
2023-03-16 19:02:02,294 [INFO] Running configSets: Infra-EmbeddedPreBuild
2023-03-16 19:02:02,297 [INFO] Running configSet Infra-EmbeddedPreBuild
2023-03-16 19:02:02,297 [INFO] ConfigSets completed
2023-03-16 19:02:02,297 [INFO] -----------------------Build complete-----------------------
2023-03-16 19:02:05,674 [INFO] -----------------------Starting build-----------------------
2023-03-16 19:02:05,680 [INFO] Running configSets: Infra-EmbeddedPostBuild
2023-03-16 19:02:05,683 [INFO] Running configSet Infra-EmbeddedPostBuild
2023-03-16 19:02:05,686 [INFO] Running config postbuild_0_Testing_Up_VPC
2023-03-16 19:02:05,747 [INFO] Command 01_set_bne succeeded
2023-03-16 19:02:05,772 [INFO] Command 02_set_bne succeeded
2023-03-16 19:02:05,774 [INFO] ConfigSets completed
2023-03-16 19:02:05,774 [INFO] -----------------------Build complete-----------------------
2023-03-16 21:33:13,349 [INFO] -----------------------Starting build-----------------------
2023-03-16 21:33:13,356 [INFO] Running configSets: Infra-EmbeddedPreBuild
2023-03-16 21:33:13,359 [INFO] Running configSet Infra-EmbeddedPreBuild
2023-03-16 21:33:13,360 [INFO] ConfigSets completed
2023-03-16 21:33:13,360 [INFO] -----------------------Build complete-----------------------
2023-03-16 21:33:16,701 [INFO] -----------------------Starting build-----------------------
2023-03-16 21:33:16,708 [INFO] Running configSets: Infra-EmbeddedPostBuild
2023-03-16 21:33:16,711 [INFO] Running configSet Infra-EmbeddedPostBuild
2023-03-16 21:33:16,715 [INFO] Running config postbuild_0_Testing_Up_VPC
2023-03-16 21:33:16,770 [INFO] Command 01_set_bne succeeded
2023-03-16 21:33:16,796 [INFO] Command 02_set_bne succeeded
2023-03-16 21:33:16,797 [INFO] ConfigSets completed
2023-03-16 21:33:16,797 [INFO] -----------------------Build complete-----------------------
