2023-03-08 03:48:05,479 P3190 [INFO] ************************************************************
2023-03-08 03:48:05,479 P3190 [INFO] ConfigSet _OnInstanceBoot
2023-03-08 03:48:05,482 P3190 [INFO] ++++++++++++++++++++++++++++++++++++++++++++++++++++++++++++
2023-03-08 03:48:05,482 P3190 [INFO] Config AWSEBBaseConfig
2023-03-08 03:48:05,724 P3190 [INFO] ============================================================
2023-03-08 03:48:05,724 P3190 [INFO] Command clearbackupfiles
2023-03-08 03:48:05,730 P3190 [INFO] Completed successfully.
2023-03-08 03:48:05,734 P3190 [INFO] ++++++++++++++++++++++++++++++++++++++++++++++++++++++++++++
2023-03-08 03:48:05,734 P3190 [INFO] Config AWSEBCfnHupEndpointOverride
2023-03-08 03:48:05,735 P3190 [INFO] ============================================================
2023-03-08 03:48:05,735 P3190 [INFO] Command clearbackupfiles
2023-03-08 03:48:05,737 P3190 [INFO] Completed successfully.
2023-03-08 03:48:39,406 P3553 [INFO] ************************************************************
2023-03-08 03:48:39,406 P3553 [INFO] ConfigSet Infra-EmbeddedPreBuild
2023-03-08 03:48:42,498 P3592 [INFO] ************************************************************
2023-03-08 03:48:42,498 P3592 [INFO] ConfigSet Infra-EmbeddedPostBuild
2023-03-08 03:48:42,501 P3592 [INFO] ++++++++++++++++++++++++++++++++++++++++++++++++++++++++++++
2023-03-08 03:48:42,501 P3592 [INFO] Config postbuild_0_Testing_Up_VPC
2023-03-08 03:48:42,517 P3592 [INFO] ============================================================
2023-03-08 03:48:42,517 P3592 [INFO] Command 01_set_bne
2023-03-08 03:48:42,538 P3592 [INFO] Completed successfully.
2023-03-08 03:48:42,546 P3592 [INFO] ============================================================
2023-03-08 03:48:42,546 P3592 [INFO] Command 02_set_bne
2023-03-08 03:48:42,561 P3592 [INFO] Completed successfully.
2023-03-08 19:56:01,116 P8793 [INFO] ************************************************************
2023-03-08 19:56:01,117 P8793 [INFO] ConfigSet Infra-EmbeddedPreBuild
2023-03-08 19:56:04,153 P8841 [INFO] ************************************************************
2023-03-08 19:56:04,153 P8841 [INFO] ConfigSet Infra-EmbeddedPostBuild
2023-03-08 19:56:04,155 P8841 [INFO] ++++++++++++++++++++++++++++++++++++++++++++++++++++++++++++
2023-03-08 19:56:04,155 P8841 [INFO] Config postbuild_0_Testing_Up_VPC
2023-03-08 19:56:04,173 P8841 [INFO] ============================================================
2023-03-08 19:56:04,173 P8841 [INFO] Command 01_set_bne
2023-03-08 19:56:04,195 P8841 [INFO] Completed successfully.
2023-03-08 19:56:04,203 P8841 [INFO] ============================================================
2023-03-08 19:56:04,203 P8841 [INFO] Command 02_set_bne
2023-03-08 19:56:04,219 P8841 [INFO] Completed successfully.
2023-03-08 20:51:54,471 P7990 [INFO] ************************************************************
2023-03-08 20:51:54,471 P7990 [INFO] ConfigSet Infra-EmbeddedPreBuild
2023-03-08 20:51:57,494 P8040 [INFO] ************************************************************
2023-03-08 20:51:57,495 P8040 [INFO] ConfigSet Infra-EmbeddedPostBuild
2023-03-08 20:51:57,497 P8040 [INFO] ++++++++++++++++++++++++++++++++++++++++++++++++++++++++++++
2023-03-08 20:51:57,497 P8040 [INFO] Config postbuild_0_Testing_Up_VPC
2023-03-08 20:51:57,507 P8040 [INFO] ============================================================
2023-03-08 20:51:57,508 P8040 [INFO] Command 01_set_bne
2023-03-08 20:51:57,528 P8040 [INFO] Completed successfully.
2023-03-08 20:51:57,536 P8040 [INFO] ============================================================
2023-03-08 20:51:57,537 P8040 [INFO] Command 02_set_bne
2023-03-08 20:51:57,550 P8040 [INFO] Completed successfully.
2023-03-08 20:58:02,757 P12109 [INFO] ************************************************************
2023-03-08 20:58:02,757 P12109 [INFO] ConfigSet Infra-EmbeddedPreBuild
2023-03-08 20:58:05,737 P12158 [INFO] ************************************************************
2023-03-08 20:58:05,738 P12158 [INFO] ConfigSet Infra-EmbeddedPostBuild
2023-03-08 20:58:05,740 P12158 [INFO] ++++++++++++++++++++++++++++++++++++++++++++++++++++++++++++
2023-03-08 20:58:05,741 P12158 [INFO] Config postbuild_0_Testing_Up_VPC
2023-03-08 20:58:05,748 P12158 [INFO] ============================================================
2023-03-08 20:58:05,749 P12158 [INFO] Command 01_set_bne
2023-03-08 20:58:05,761 P12158 [INFO] Completed successfully.
2023-03-08 20:58:05,768 P12158 [INFO] ============================================================
2023-03-08 20:58:05,769 P12158 [INFO] Command 02_set_bne
2023-03-08 20:58:05,782 P12158 [INFO] Completed successfully.
2023-03-09 21:15:07,185 P22382 [INFO] ************************************************************
2023-03-09 21:15:07,186 P22382 [INFO] ConfigSet Infra-EmbeddedPreBuild
2023-03-09 21:15:10,462 P22430 [INFO] ************************************************************
2023-03-09 21:15:10,463 P22430 [INFO] ConfigSet Infra-EmbeddedPostBuild
2023-03-09 21:15:10,469 P22430 [INFO] ++++++++++++++++++++++++++++++++++++++++++++++++++++++++++++
2023-03-09 21:15:10,469 P22430 [INFO] Config postbuild_0_Testing_Up_VPC
2023-03-09 21:15:10,502 P22430 [INFO] ============================================================
2023-03-09 21:15:10,502 P22430 [INFO] Command 01_set_bne
2023-03-09 21:15:10,531 P22430 [INFO] Completed successfully.
2023-03-09 21:15:10,539 P22430 [INFO] ============================================================
2023-03-09 21:15:10,539 P22430 [INFO] Command 02_set_bne
2023-03-09 21:15:10,556 P22430 [INFO] Completed successfully.
2023-03-10 14:55:10,153 P4036 [INFO] ************************************************************
2023-03-10 14:55:10,153 P4036 [INFO] ConfigSet Infra-EmbeddedPreBuild
2023-03-10 14:55:13,655 P4093 [INFO] ************************************************************
2023-03-10 14:55:13,655 P4093 [INFO] ConfigSet Infra-EmbeddedPostBuild
2023-03-10 14:55:13,661 P4093 [INFO] ++++++++++++++++++++++++++++++++++++++++++++++++++++++++++++
2023-03-10 14:55:13,661 P4093 [INFO] Config postbuild_0_Testing_Up_VPC
2023-03-10 14:55:13,684 P4093 [INFO] ============================================================
2023-03-10 14:55:13,684 P4093 [INFO] Command 01_set_bne
2023-03-10 14:55:13,724 P4093 [INFO] Completed successfully.
2023-03-10 14:55:13,733 P4093 [INFO] ============================================================
2023-03-10 14:55:13,733 P4093 [INFO] Command 02_set_bne
2023-03-10 14:55:13,747 P4093 [INFO] Completed successfully.
2023-03-10 15:16:16,799 P16440 [INFO] ************************************************************
2023-03-10 15:16:16,799 P16440 [INFO] ConfigSet Infra-EmbeddedPreBuild
2023-03-10 15:16:20,604 P16497 [INFO] ************************************************************
2023-03-10 15:16:20,604 P16497 [INFO] ConfigSet Infra-EmbeddedPostBuild
2023-03-10 15:16:20,607 P16497 [INFO] ++++++++++++++++++++++++++++++++++++++++++++++++++++++++++++
2023-03-10 15:16:20,607 P16497 [INFO] Config postbuild_0_Testing_Up_VPC
2023-03-10 15:16:20,626 P16497 [INFO] ============================================================
2023-03-10 15:16:20,626 P16497 [INFO] Command 01_set_bne
2023-03-10 15:16:20,658 P16497 [INFO] Completed successfully.
2023-03-10 15:16:20,665 P16497 [INFO] ============================================================
2023-03-10 15:16:20,665 P16497 [INFO] Command 02_set_bne
2023-03-10 15:16:20,683 P16497 [INFO] Completed successfully.
2023-03-10 18:18:09,249 P22224 [INFO] ************************************************************
2023-03-10 18:18:09,250 P22224 [INFO] ConfigSet Infra-EmbeddedPreBuild
2023-03-10 18:18:12,608 P22272 [INFO] ************************************************************
2023-03-10 18:18:12,609 P22272 [INFO] ConfigSet Infra-EmbeddedPostBuild
2023-03-10 18:18:12,611 P22272 [INFO] ++++++++++++++++++++++++++++++++++++++++++++++++++++++++++++
2023-03-10 18:18:12,611 P22272 [INFO] Config postbuild_0_Testing_Up_VPC
2023-03-10 18:18:12,631 P22272 [INFO] ============================================================
2023-03-10 18:18:12,631 P22272 [INFO] Command 01_set_bne
2023-03-10 18:18:12,660 P22272 [INFO] Completed successfully.
2023-03-10 18:18:12,669 P22272 [INFO] ============================================================
2023-03-10 18:18:12,669 P22272 [INFO] Command 02_set_bne
2023-03-10 18:18:12,684 P22272 [INFO] Completed successfully.
2023-03-10 20:48:34,831 P10641 [INFO] ************************************************************
2023-03-10 20:48:34,832 P10641 [INFO] ConfigSet Infra-EmbeddedPreBuild
2023-03-10 20:48:42,798 P10747 [INFO] ************************************************************
2023-03-10 20:48:42,799 P10747 [INFO] ConfigSet Infra-EmbeddedPostBuild
2023-03-10 20:48:42,801 P10747 [INFO] ++++++++++++++++++++++++++++++++++++++++++++++++++++++++++++
2023-03-10 20:48:42,801 P10747 [INFO] Config postbuild_0_Testing_Up_VPC
2023-03-10 20:48:42,835 P10747 [INFO] ============================================================
2023-03-10 20:48:42,835 P10747 [INFO] Command 01_set_bne
2023-03-10 20:48:42,879 P10747 [INFO] Completed successfully.
2023-03-10 20:48:42,899 P10747 [INFO] ============================================================
2023-03-10 20:48:42,899 P10747 [INFO] Command 02_set_bne
2023-03-10 20:48:42,922 P10747 [INFO] Completed successfully.
2023-03-10 21:04:46,067 P21132 [INFO] ************************************************************
2023-03-10 21:04:46,068 P21132 [INFO] ConfigSet Infra-EmbeddedPreBuild
2023-03-10 21:04:49,924 P21179 [INFO] ************************************************************
2023-03-10 21:04:49,924 P21179 [INFO] ConfigSet Infra-EmbeddedPostBuild
2023-03-10 21:04:49,927 P21179 [INFO] ++++++++++++++++++++++++++++++++++++++++++++++++++++++++++++
2023-03-10 21:04:49,927 P21179 [INFO] Config postbuild_0_Testing_Up_VPC
2023-03-10 21:04:49,958 P21179 [INFO] ============================================================
2023-03-10 21:04:49,958 P21179 [INFO] Command 01_set_bne
2023-03-10 21:04:50,002 P21179 [INFO] Completed successfully.
2023-03-10 21:04:50,023 P21179 [INFO] ============================================================
2023-03-10 21:04:50,023 P21179 [INFO] Command 02_set_bne
2023-03-10 21:04:50,046 P21179 [INFO] Completed successfully.
2023-03-14 14:09:12,158 P16843 [INFO] ************************************************************
2023-03-14 14:09:12,159 P16843 [INFO] ConfigSet Infra-EmbeddedPreBuild
2023-03-14 14:09:15,622 P16891 [INFO] ************************************************************
2023-03-14 14:09:15,623 P16891 [INFO] ConfigSet Infra-EmbeddedPostBuild
2023-03-14 14:09:15,625 P16891 [INFO] ++++++++++++++++++++++++++++++++++++++++++++++++++++++++++++
2023-03-14 14:09:15,625 P16891 [INFO] Config postbuild_0_Testing_Up_VPC
2023-03-14 14:09:15,643 P16891 [INFO] ============================================================
2023-03-14 14:09:15,643 P16891 [INFO] Command 01_set_bne
2023-03-14 14:09:15,675 P16891 [INFO] Completed successfully.
2023-03-14 14:09:15,682 P16891 [INFO] ============================================================
2023-03-14 14:09:15,682 P16891 [INFO] Command 02_set_bne
2023-03-14 14:09:15,699 P16891 [INFO] Completed successfully.
2023-03-14 19:46:43,248 P12548 [INFO] ************************************************************
2023-03-14 19:46:43,249 P12548 [INFO] ConfigSet Infra-EmbeddedPreBuild
2023-03-14 19:46:46,676 P12596 [INFO] ************************************************************
2023-03-14 19:46:46,677 P12596 [INFO] ConfigSet Infra-EmbeddedPostBuild
2023-03-14 19:46:46,679 P12596 [INFO] ++++++++++++++++++++++++++++++++++++++++++++++++++++++++++++
2023-03-14 19:46:46,679 P12596 [INFO] Config postbuild_0_Testing_Up_VPC
2023-03-14 19:46:46,699 P12596 [INFO] ============================================================
2023-03-14 19:46:46,699 P12596 [INFO] Command 01_set_bne
2023-03-14 19:46:46,731 P12596 [INFO] Completed successfully.
2023-03-14 19:46:46,740 P12596 [INFO] ============================================================
2023-03-14 19:46:46,740 P12596 [INFO] Command 02_set_bne
2023-03-14 19:46:46,756 P12596 [INFO] Completed successfully.
2023-03-16 19:02:02,297 P21164 [INFO] ************************************************************
2023-03-16 19:02:02,297 P21164 [INFO] ConfigSet Infra-EmbeddedPreBuild
2023-03-16 19:02:05,683 P21212 [INFO] ************************************************************
2023-03-16 19:02:05,684 P21212 [INFO] ConfigSet Infra-EmbeddedPostBuild
2023-03-16 19:02:05,686 P21212 [INFO] ++++++++++++++++++++++++++++++++++++++++++++++++++++++++++++
2023-03-16 19:02:05,686 P21212 [INFO] Config postbuild_0_Testing_Up_VPC
2023-03-16 19:02:05,707 P21212 [INFO] ============================================================
2023-03-16 19:02:05,707 P21212 [INFO] Command 01_set_bne
2023-03-16 19:02:05,747 P21212 [INFO] Completed successfully.
2023-03-16 19:02:05,755 P21212 [INFO] ============================================================
2023-03-16 19:02:05,755 P21212 [INFO] Command 02_set_bne
2023-03-16 19:02:05,772 P21212 [INFO] Completed successfully.
2023-03-16 21:33:13,359 P9238 [INFO] ************************************************************
2023-03-16 21:33:13,360 P9238 [INFO] ConfigSet Infra-EmbeddedPreBuild
2023-03-16 21:33:16,711 P9295 [INFO] ************************************************************
2023-03-16 21:33:16,712 P9295 [INFO] ConfigSet Infra-EmbeddedPostBuild
2023-03-16 21:33:16,715 P9295 [INFO] ++++++++++++++++++++++++++++++++++++++++++++++++++++++++++++
2023-03-16 21:33:16,715 P9295 [INFO] Config postbuild_0_Testing_Up_VPC
2023-03-16 21:33:16,735 P9295 [INFO] ============================================================
2023-03-16 21:33:16,735 P9295 [INFO] Command 01_set_bne
2023-03-16 21:33:16,770 P9295 [INFO] Completed successfully.
2023-03-16 21:33:16,778 P9295 [INFO] ============================================================
2023-03-16 21:33:16,778 P9295 [INFO] Command 02_set_bne
2023-03-16 21:33:16,796 P9295 [INFO] Completed successfully.
