[2023-03-08T03:47:48Z] Started EB User Data
+ SLEEP_TIME=2
+ SLEEP_TIME_MAX=3600
+ true
+ curl https://elasticbeanstalk-platform-assets-ap-southeast-2.s3.ap-southeast-2.amazonaws.com/stalks/eb_tomcat85corretto11_amazon_linux_2_1.0.1570.0_20230302232526/lib/UserDataScript.sh
  % Total    % Received % Xferd  Average Speed   Time    Time     Time  Current
                                 Dload  Upload   Total   Spent    Left  Speed
  0     0    0     0    0     0      0      0 --:--:-- --:--:-- --:--:--     0  0     0    0     0    0     0      0      0 --:--:--  0:00:01 --:--:--     0  0     0    0     0    0     0      0      0 --:--:--  0:00:02 --:--:--     0  0     0    0     0    0     0      0      0 --:--:--  0:00:03 --:--:--     0  0     0    0     0    0     0      0      0 --:--:--  0:00:04 --:--:--     0  0     0    0     0    0     0      0      0 --:--:--  0:00:05 --:--:--     0  0     0    0     0    0     0      0      0 --:--:--  0:00:06 --:--:--     0  0     0    0     0    0     0      0      0 --:--:--  0:00:07 --:--:--     0  0     0    0     0    0     0      0      0 --:--:--  0:00:08 --:--:--     0  0     0    0     0    0     0      0      0 --:--:--  0:00:09 --:--:--     0  0     0    0     0    0     0      0      0 --:--:--  0:00:10 --:--:--     0  0     0    0     0    0     0      0      0 --:--:--  0:00:11 --:--:--     0  0     0    0     0    0     0      0      0 --:--:--  0:00:12 --:--:--     0  0     0    0     0    0     0      0      0 --:--:--  0:00:13 --:--:--     0  0     0    0     0    0     0      0      0 --:--:--  0:00:14 --:--:--     0  0     0    0     0    0     0      0      0 --:--:--  0:00:15 --:--:--     0  0     0    0     0    0     0      0      0 --:--:--  0:00:16 --:--:--     0100  4627  100  4627    0     0    283      0  0:00:16  0:00:16 --:--:--  1135
+ RESULT=0
+ [[ 0 -ne 0 ]]
+ /bin/bash /tmp/ebbootstrap.sh 'https://cloudformation-waitcondition-ap-southeast-2.s3-ap-southeast-2.amazonaws.com/arn%3Aaws%3Acloudformation%3Aap-southeast-2%3A040827032036%3Astack/awseb-e-8u3prpp2mh-stack/d54cde30-bd63-11ed-9054-0242ff029834/AWSEBInstanceLaunchWaitHandle?X-Amz-Algorithm=AWS4-HMAC-SHA256&X-Amz-Date=20230308T034646Z&X-Amz-SignedHeaders=host&X-Amz-Expires=86399&X-Amz-Credential=AKIA6MM33IIZ2V3OQ3EK%2F20230308%2Fap-southeast-2%2Fs3%2Faws4_request&X-Amz-Signature=32d9e0d0ae647e51343e10dfa749733763312ef01dc36be07f45d9307efdde6a' arn:aws:cloudformation:ap-southeast-2:040827032036:stack/awseb-e-8u3prpp2mh-stack/d54cde30-bd63-11ed-9054-0242ff029834 '' https://elasticbeanstalk-health.ap-southeast-2.amazonaws.com '' https://elasticbeanstalk-platform-assets-ap-southeast-2.s3.ap-southeast-2.amazonaws.com/stalks/eb_tomcat85corretto11_amazon_linux_2_1.0.1570.0_20230302232526 ap-southeast-2
[2023-03-08T03:48:04.753Z] Started EB Bootstrapping Script.
[2023-03-08T03:48:04.820Z] Received parameters:
 TARBALLS = 
 EB_GEMS = 
 SIGNAL_URL = https://cloudformation-waitcondition-ap-southeast-2.s3-ap-southeast-2.amazonaws.com/arn%3Aaws%3Acloudformation%3Aap-southeast-2%3A040827032036%3Astack/awseb-e-8u3prpp2mh-stack/d54cde30-bd63-11ed-9054-0242ff029834/AWSEBInstanceLaunchWaitHandle?X-Amz-Algorithm=AWS4-HMAC-SHA256&X-Amz-Date=20230308T034646Z&X-Amz-SignedHeaders=host&X-Amz-Expires=86399&X-Amz-Credential=AKIA6MM33IIZ2V3OQ3EK%2F20230308%2Fap-southeast-2%2Fs3%2Faws4_request&X-Amz-Signature=32d9e0d0ae647e51343e10dfa749733763312ef01dc36be07f45d9307efdde6a
 STACK_ID = arn:aws:cloudformation:ap-southeast-2:040827032036:stack/awseb-e-8u3prpp2mh-stack/d54cde30-bd63-11ed-9054-0242ff029834
 REGION = ap-southeast-2
 GUID = 
 HEALTHD_GROUP_ID = 
 HEALTHD_ENDPOINT = https://elasticbeanstalk-health.ap-southeast-2.amazonaws.com
 PROXY_SERVER = 
 HEALTHD_PROXY_LOG_LOCATION = 
 PLATFORM_ASSETS_URL = https://elasticbeanstalk-platform-assets-ap-southeast-2.s3.ap-southeast-2.amazonaws.com/stalks/eb_tomcat85corretto11_amazon_linux_2_1.0.1570.0_20230302232526
[2023-03-08T03:48:04.833Z] engine url is set to https://elasticbeanstalk-platform-assets-ap-southeast-2.s3.ap-southeast-2.amazonaws.com/stalks/eb_tomcat85corretto11_amazon_linux_2_1.0.1570.0_20230302232526/lib/platform-engine.zip
[2023-03-08T03:48:04.880Z] first init of instance.
[2023-03-08T03:48:04.893Z] Started executing cfn_init _OnInstanceBoot.
[2023-03-08T03:48:04.906Z] Running cfn-init ConfigSet: _OnInstanceBoot.
[2023-03-08T03:48:04.925Z] Using stack-id from userdata
[2023-03-08T03:48:05.763Z] Command Returned: 
[2023-03-08T03:48:05.769Z] Completed executing cfn_init.
[2023-03-08T03:48:05.775Z] finished _OnInstanceBoot
--2023-03-08 03:48:05--  https://elasticbeanstalk-platform-assets-ap-southeast-2.s3.ap-southeast-2.amazonaws.com/stalks/eb_tomcat85corretto11_amazon_linux_2_1.0.1570.0_20230302232526/lib/platform-engine.zip
Resolving elasticbeanstalk-platform-assets-ap-southeast-2.s3.ap-southeast-2.amazonaws.com (elasticbeanstalk-platform-assets-ap-southeast-2.s3.ap-southeast-2.amazonaws.com)... 3.5.164.165
Connecting to elasticbeanstalk-platform-assets-ap-southeast-2.s3.ap-southeast-2.amazonaws.com (elasticbeanstalk-platform-assets-ap-southeast-2.s3.ap-southeast-2.amazonaws.com)|3.5.164.165|:443... connected.
HTTP request sent, awaiting response... 200 OK
Length: 20957607 (20M) [application/zip]
Saving to: ‘/tmp/platform-engine.zip’

     0K .......... .......... .......... .......... ..........  0%  147M 0s
    50K .......... .......... .......... .......... ..........  0%  264M 0s
   100K .......... .......... .......... .......... ..........  0%  155M 0s
   150K .......... .......... .......... .......... ..........  0% 88.0M 0s
   200K .......... .......... .......... .......... ..........  1% 45.5M 0s
   250K .......... .......... .......... .......... ..........  1% 99.0M 0s
   300K .......... .......... .......... .......... ..........  1%  109M 0s
   350K .......... .......... .......... .......... ..........  1% 9.04M 0s
   400K .......... .......... .......... .......... ..........  2% 76.1M 0s
   450K .......... .......... .......... .......... ..........  2%  103M 0s
   500K .......... .......... .......... .......... ..........  2%  102M 0s
   550K .......... .......... .......... .......... ..........  2%  105M 0s
   600K .......... .......... .......... .......... ..........  3% 84.5M 0s
   650K .......... .......... .......... .......... ..........  3%  120M 0s
   700K .......... .......... .......... .......... ..........  3%  102M 0s
   750K .......... .......... .......... .......... ..........  3% 91.2M 0s
   800K .......... .......... .......... .......... ..........  4%  108M 0s
   850K .......... .......... .......... .......... ..........  4% 88.1M 0s
   900K .......... .......... .......... .......... ..........  4% 95.8M 0s
   950K .......... .......... .......... .......... ..........  4% 91.4M 0s
  1000K .......... .......... .......... .......... ..........  5%  106M 0s
  1050K .......... .......... .......... .......... ..........  5% 81.0M 0s
  1100K .......... .......... .......... .......... ..........  5% 11.1M 0s
  1150K .......... .......... .......... .......... ..........  5% 96.8M 0s
  1200K .......... .......... .......... .......... ..........  6%  104M 0s
  1250K .......... .......... .......... .......... ..........  6%  103M 0s
  1300K .......... .......... .......... .......... ..........  6% 1.40M 1s
  1350K .......... .......... .......... .......... ..........  6%  233M 1s
  1400K .......... .......... .......... .......... ..........  7%  230M 1s
  1450K .......... .......... .......... .......... ..........  7%  289M 1s
  1500K .......... .......... .......... .......... ..........  7%  250M 1s
  1550K .......... .......... .......... .......... ..........  7%  234M 1s
  1600K .......... .......... .......... .......... ..........  8% 58.1M 1s
  1650K .......... .......... .......... .......... ..........  8% 47.9M 1s
  1700K .......... .......... .......... .......... ..........  8% 77.0M 1s
  1750K .......... .......... .......... .......... ..........  8% 72.7M 1s
  1800K .......... .......... .......... .......... ..........  9% 45.2M 1s
  1850K .......... .......... .......... .......... ..........  9% 76.1M 1s
  1900K .......... .......... .......... .......... ..........  9% 46.9M 1s
  1950K .......... .......... .......... .......... ..........  9% 91.5M 1s
  2000K .......... .......... .......... .......... .......... 10%  103M 1s
  2050K .......... .......... .......... .......... .......... 10% 77.5M 1s
  2100K .......... .......... .......... .......... .......... 10% 90.4M 1s
  2150K .......... .......... .......... .......... .......... 10%  101M 1s
  2200K .......... .......... .......... .......... .......... 10% 74.4M 1s
  2250K .......... .......... .......... .......... .......... 11%  105M 1s
  2300K .......... .......... .......... .......... .......... 11% 89.7M 1s
  2350K .......... .......... .......... .......... .......... 11% 7.61M 1s
  2400K .......... .......... .......... .......... .......... 11%  110M 1s
  2450K .......... .......... .......... .......... .......... 12% 89.9M 1s
  2500K .......... .......... .......... .......... .......... 12% 97.8M 1s
  2550K .......... .......... .......... .......... .......... 12%  108M 1s
  2600K .......... .......... .......... .......... .......... 12%  113M 1s
  2650K .......... .......... .......... .......... .......... 13% 94.0M 1s
  2700K .......... .......... .......... .......... .......... 13%  106M 1s
  2750K .......... .......... .......... .......... .......... 13%  108M 0s
  2800K .......... .......... .......... .......... .......... 13% 96.2M 0s
  2850K .......... .......... .......... .......... .......... 14% 97.6M 0s
  2900K .......... .......... .......... .......... .......... 14% 94.7M 0s
  2950K .......... .......... .......... .......... .......... 14%  105M 0s
  3000K .......... .......... .......... .......... .......... 14%  103M 0s
  3050K .......... .......... .......... .......... .......... 15%  100M 0s
  3100K .......... .......... .......... .......... .......... 15%  111M 0s
  3150K .......... .......... .......... .......... .......... 15% 92.3M 0s
  3200K .......... .......... .......... .......... .......... 15%  100M 0s
  3250K .......... .......... .......... .......... .......... 16%  116M 0s
  3300K .......... .......... .......... .......... .......... 16% 91.3M 0s
  3350K .......... .......... .......... .......... .......... 16% 8.36M 0s
  3400K .......... .......... .......... .......... .......... 16%  107M 0s
  3450K .......... .......... .......... .......... .......... 17%  106M 0s
  3500K .......... .......... .......... .......... .......... 17% 92.2M 0s
  3550K .......... .......... .......... .......... .......... 17%  113M 0s
  3600K .......... .......... .......... .......... .......... 17% 93.8M 0s
  3650K .......... .......... .......... .......... .......... 18% 99.8M 0s
  3700K .......... .......... .......... .......... .......... 18%  103M 0s
  3750K .......... .......... .......... .......... .......... 18%  109M 0s
  3800K .......... .......... .......... .......... .......... 18% 95.5M 0s
  3850K .......... .......... .......... .......... .......... 19%  112M 0s
  3900K .......... .......... .......... .......... .......... 19%  104M 0s
  3950K .......... .......... .......... .......... .......... 19% 92.8M 0s
  4000K .......... .......... .......... .......... .......... 19% 92.7M 0s
  4050K .......... .......... .......... .......... .......... 20%  109M 0s
  4100K .......... .......... .......... .......... .......... 20% 3.10M 0s
  4150K .......... .......... .......... .......... .......... 20%  233M 0s
  4200K .......... .......... .......... .......... .......... 20%  188M 0s
  4250K .......... .......... .......... .......... .......... 21% 6.87M 0s
  4300K .......... .......... .......... .......... .......... 21%  247M 0s
  4350K .......... .......... .......... .......... .......... 21%  258M 0s
  4400K .......... .......... .......... .......... .......... 21%  266M 0s
  4450K .......... .......... .......... .......... .......... 21%  276M 0s
  4500K .......... .......... .......... .......... .......... 22%  294M 0s
  4550K .......... .......... .......... .......... .......... 22%  235M 0s
  4600K .......... .......... .......... .......... .......... 22% 50.6M 0s
  4650K .......... .......... .......... .......... .......... 22% 45.5M 0s
  4700K .......... .......... .......... .......... .......... 23% 93.0M 0s
  4750K .......... .......... .......... .......... .......... 23% 48.0M 0s
  4800K .......... .......... .......... .......... .......... 23% 78.8M 0s
  4850K .......... .......... .......... .......... .......... 23% 87.7M 0s
  4900K .......... .......... .......... .......... .......... 24%  104M 0s
  4950K .......... .......... .......... .......... .......... 24% 76.9M 0s
  5000K .......... .......... .......... .......... .......... 24%  102M 0s
  5050K .......... .......... .......... .......... .......... 24% 81.8M 0s
  5100K .......... .......... .......... .......... .......... 25% 79.8M 0s
  5150K .......... .......... .......... .......... .......... 25%  104M 0s
  5200K .......... .......... .......... .......... .......... 25% 94.4M 0s
  5250K .......... .......... .......... .......... .......... 25% 70.5M 0s
  5300K .......... .......... .......... .......... .......... 26% 99.9M 0s
  5350K .......... .......... .......... .......... .......... 26% 85.8M 0s
  5400K .......... .......... .......... .......... .......... 26% 92.2M 0s
  5450K .......... .......... .......... .......... .......... 26%  115M 0s
  5500K .......... .......... .......... .......... .......... 27% 78.1M 0s
  5550K .......... .......... .......... .......... .......... 27% 95.2M 0s
  5600K .......... .......... .......... .......... .......... 27% 4.97M 0s
  5650K .......... .......... .......... .......... .......... 27%  106M 0s
  5700K .......... .......... .......... .......... .......... 28% 70.7M 0s
  5750K .......... .......... .......... .......... .......... 28%  104M 0s
  5800K .......... .......... .......... .......... .......... 28% 94.4M 0s
  5850K .......... .......... .......... .......... .......... 28% 86.0M 0s
  5900K .......... .......... .......... .......... .......... 29% 83.3M 0s
  5950K .......... .......... .......... .......... .......... 29%  101M 0s
  6000K .......... .......... .......... .......... .......... 29% 85.0M 0s
  6050K .......... .......... .......... .......... .......... 29% 90.7M 0s
  6100K .......... .......... .......... .......... .......... 30% 84.3M 0s
  6150K .......... .......... .......... .......... .......... 30% 92.2M 0s
  6200K .......... .......... .......... .......... .......... 30% 93.9M 0s
  6250K .......... .......... .......... .......... .......... 30% 73.5M 0s
  6300K .......... .......... .......... .......... .......... 31%  113M 0s
  6350K .......... .......... .......... .......... .......... 31% 90.0M 0s
  6400K .......... .......... .......... .......... .......... 31% 78.6M 0s
  6450K .......... .......... .......... .......... .......... 31% 85.0M 0s
  6500K .......... .......... .......... .......... .......... 32%  104M 0s
  6550K .......... .......... .......... .......... .......... 32% 76.6M 0s
  6600K .......... .......... .......... .......... .......... 32%  110M 0s
  6650K .......... .......... .......... .......... .......... 32%  106M 0s
  6700K .......... .......... .......... .......... .......... 32% 94.0M 0s
  6750K .......... .......... .......... .......... .......... 33%  105M 0s
  6800K .......... .......... .......... .......... .......... 33% 71.1M 0s
  6850K .......... .......... .......... .......... .......... 33% 76.3M 0s
  6900K .......... .......... .......... .......... .......... 33%  105M 0s
  6950K .......... .......... .......... .......... .......... 34% 79.3M 0s
  7000K .......... .......... .......... .......... .......... 34% 96.5M 0s
  7050K .......... .......... .......... .......... .......... 34% 5.75M 0s
  7100K .......... .......... .......... .......... .......... 34% 93.2M 0s
  7150K .......... .......... .......... .......... .......... 35%  100M 0s
  7200K .......... .......... .......... .......... .......... 35% 79.6M 0s
  7250K .......... .......... .......... .......... .......... 35% 89.8M 0s
  7300K .......... .......... .......... .......... .......... 35% 98.0M 0s
  7350K .......... .......... .......... .......... .......... 36% 99.7M 0s
  7400K .......... .......... .......... .......... .......... 36% 79.2M 0s
  7450K .......... .......... .......... .......... .......... 36% 91.8M 0s
  7500K .......... .......... .......... .......... .......... 36% 65.1M 0s
  7550K .......... .......... .......... .......... .......... 37% 98.8M 0s
  7600K .......... .......... .......... .......... .......... 37%  110M 0s
  7650K .......... .......... .......... .......... .......... 37% 68.9M 0s
  7700K .......... .......... .......... .......... .......... 37%  109M 0s
  7750K .......... .......... .......... .......... .......... 38% 77.4M 0s
  7800K .......... .......... .......... .......... .......... 38%  105M 0s
  7850K .......... .......... .......... .......... .......... 38% 76.7M 0s
  7900K .......... .......... .......... .......... .......... 38%  112M 0s
  7950K .......... .......... .......... .......... .......... 39% 91.0M 0s
  8000K .......... .......... .......... .......... .......... 39%  105M 0s
  8050K .......... .......... .......... .......... .......... 39% 80.8M 0s
  8100K .......... .......... .......... .......... .......... 39% 69.5M 0s
  8150K .......... .......... .......... .......... .......... 40% 93.7M 0s
  8200K .......... .......... .......... .......... .......... 40%  108M 0s
  8250K .......... .......... .......... .......... .......... 40% 81.5M 0s
  8300K .......... .......... .......... .......... .......... 40% 5.03M 0s
  8350K .......... .......... .......... .......... .......... 41%  112M 0s
  8400K .......... .......... .......... .......... .......... 41% 78.8M 0s
  8450K .......... .......... .......... .......... .......... 41% 94.0M 0s
  8500K .......... .......... .......... .......... .......... 41% 73.9M 0s
  8550K .......... .......... .......... .......... .......... 42%  101M 0s
  8600K .......... .......... .......... .......... .......... 42% 89.8M 0s
  8650K .......... .......... .......... .......... .......... 42% 99.1M 0s
  8700K .......... .......... .......... .......... .......... 42% 80.6M 0s
  8750K .......... .......... .......... .......... .......... 42% 96.8M 0s
  8800K .......... .......... .......... .......... .......... 43% 96.3M 0s
  8850K .......... .......... .......... .......... .......... 43% 75.3M 0s
  8900K .......... .......... .......... .......... .......... 43% 97.2M 0s
  8950K .......... .......... .......... .......... .......... 43% 80.8M 0s
  9000K .......... .......... .......... .......... .......... 44%  111M 0s
  9050K .......... .......... .......... .......... .......... 44% 74.7M 0s
  9100K .......... .......... .......... .......... .......... 44% 95.3M 0s
  9150K .......... .......... .......... .......... .......... 44% 80.9M 0s
  9200K .......... .......... .......... .......... .......... 45%  115M 0s
  9250K .......... .......... .......... .......... .......... 45% 79.0M 0s
  9300K .......... .......... .......... .......... .......... 45% 94.5M 0s
  9350K .......... .......... .......... .......... .......... 45%  106M 0s
  9400K .......... .......... .......... .......... .......... 46% 99.2M 0s
  9450K .......... .......... .......... .......... .......... 46%  102M 0s
  9500K .......... .......... .......... .......... .......... 46%  103M 0s
  9550K .......... .......... .......... .......... .......... 46% 96.2M 0s
  9600K .......... .......... .......... .......... .......... 47%  104M 0s
  9650K .......... .......... .......... .......... .......... 47% 96.5M 0s
  9700K .......... .......... .......... .......... .......... 47%  101M 0s
  9750K .......... .......... .......... .......... .......... 47% 63.7M 0s
  9800K .......... .......... .......... .......... .......... 48% 5.65M 0s
  9850K .......... .......... .......... .......... .......... 48% 71.3M 0s
  9900K .......... .......... .......... .......... .......... 48% 91.5M 0s
  9950K .......... .......... .......... .......... .......... 48% 78.0M 0s
 10000K .......... .......... .......... .......... .......... 49% 72.7M 0s
 10050K .......... .......... .......... .......... .......... 49% 94.5M 0s
 10100K .......... .......... .......... .......... .......... 49%  103M 0s
 10150K .......... .......... .......... .......... .......... 49% 80.2M 0s
 10200K .......... .......... .......... .......... .......... 50% 82.0M 0s
 10250K .......... .......... .......... .......... .......... 50% 95.5M 0s
 10300K .......... .......... .......... .......... .......... 50% 86.3M 0s
 10350K .......... .......... .......... .......... .......... 50% 98.4M 0s
 10400K .......... .......... .......... .......... .......... 51% 92.7M 0s
 10450K .......... .......... .......... .......... .......... 51% 85.6M 0s
 10500K .......... .......... .......... .......... .......... 51% 88.7M 0s
 10550K .......... .......... .......... .......... .......... 51% 80.2M 0s
 10600K .......... .......... .......... .......... .......... 52% 83.1M 0s
 10650K .......... .......... .......... .......... .......... 52% 92.1M 0s
 10700K .......... .......... .......... .......... .......... 52% 86.3M 0s
 10750K .......... .......... .......... .......... .......... 52% 77.3M 0s
 10800K .......... .......... .......... .......... .......... 53% 88.5M 0s
 10850K .......... .......... .......... .......... .......... 53%  103M 0s
 10900K .......... .......... .......... .......... .......... 53% 76.9M 0s
 10950K .......... .......... .......... .......... .......... 53% 98.2M 0s
 11000K .......... .......... .......... .......... .......... 53% 78.1M 0s
 11050K .......... .......... .......... .......... .......... 54% 5.74M 0s
 11100K .......... .......... .......... .......... .......... 54% 83.2M 0s
 11150K .......... .......... .......... .......... .......... 54% 97.8M 0s
 11200K .......... .......... .......... .......... .......... 54% 76.0M 0s
 11250K .......... .......... .......... .......... .......... 55% 99.3M 0s
 11300K .......... .......... .......... .......... .......... 55% 81.3M 0s
 11350K .......... .......... .......... .......... .......... 55% 91.6M 0s
 11400K .......... .......... .......... .......... .......... 55%  107M 0s
 11450K .......... .......... .......... .......... .......... 56% 92.4M 0s
 11500K .......... .......... .......... .......... .......... 56% 71.9M 0s
 11550K .......... .......... .......... .......... .......... 56% 90.9M 0s
 11600K .......... .......... .......... .......... .......... 56% 85.8M 0s
 11650K .......... .......... .......... .......... .......... 57% 97.2M 0s
 11700K .......... .......... .......... .......... .......... 57% 92.1M 0s
 11750K .......... .......... .......... .......... .......... 57% 75.9M 0s
 11800K .......... .......... .......... .......... .......... 57% 73.7M 0s
 11850K .......... .......... .......... .......... .......... 58% 86.5M 0s
 11900K .......... .......... .......... .......... .......... 58% 94.7M 0s
 11950K .......... .......... .......... .......... .......... 58% 73.3M 0s
 12000K .......... .......... .......... .......... .......... 58% 98.3M 0s
 12050K .......... .......... .......... .......... .......... 59% 76.2M 0s
 12100K .......... .......... .......... .......... .......... 59% 83.8M 0s
 12150K .......... .......... .......... .......... .......... 59%  102M 0s
 12200K .......... .......... .......... .......... .......... 59% 97.2M 0s
 12250K .......... .......... .......... .......... .......... 60% 84.4M 0s
 12300K .......... .......... .......... .......... .......... 60% 5.24M 0s
 12350K .......... .......... .......... .......... .......... 60% 73.4M 0s
 12400K .......... .......... .......... .......... .......... 60%  106M 0s
 12450K .......... .......... .......... .......... .......... 61% 80.2M 0s
 12500K .......... .......... .......... .......... .......... 61% 75.0M 0s
 12550K .......... .......... .......... .......... .......... 61%  107M 0s
 12600K .......... .......... .......... .......... .......... 61% 70.8M 0s
 12650K .......... .......... .......... .......... .......... 62% 98.8M 0s
 12700K .......... .......... .......... .......... .......... 62%  106M 0s
 12750K .......... .......... .......... .......... .......... 62% 69.9M 0s
 12800K .......... .......... .......... .......... .......... 62% 88.8M 0s
 12850K .......... .......... .......... .......... .......... 63% 75.1M 0s
 12900K .......... .......... .......... .......... .......... 63%  108M 0s
 12950K .......... .......... .......... .......... .......... 63% 91.7M 0s
 13000K .......... .......... .......... .......... .......... 63% 87.3M 0s
 13050K .......... .......... .......... .......... .......... 64% 98.3M 0s
 13100K .......... .......... .......... .......... .......... 64% 72.7M 0s
 13150K .......... .......... .......... .......... .......... 64% 94.8M 0s
 13200K .......... .......... .......... .......... .......... 64% 81.3M 0s
 13250K .......... .......... .......... .......... .......... 64% 92.5M 0s
 13300K .......... .......... .......... .......... .......... 65%  101M 0s
 13350K .......... .......... .......... .......... .......... 65%  105M 0s
 13400K .......... .......... .......... .......... .......... 65% 99.7M 0s
 13450K .......... .......... .......... .......... .......... 65% 63.2M 0s
 13500K .......... .......... .......... .......... .......... 66% 94.4M 0s
 13550K .......... .......... .......... .......... .......... 66% 5.32M 0s
 13600K .......... .......... .......... .......... .......... 66% 94.5M 0s
 13650K .......... .......... .......... .......... .......... 66%  113M 0s
 13700K .......... .......... .......... .......... .......... 67% 69.3M 0s
 13750K .......... .......... .......... .......... .......... 67% 95.0M 0s
 13800K .......... .......... .......... .......... .......... 67% 92.8M 0s
 13850K .......... .......... .......... .......... .......... 67% 82.7M 0s
 13900K .......... .......... .......... .......... .......... 68% 89.5M 0s
 13950K .......... .......... .......... .......... .......... 68% 87.7M 0s
 14000K .......... .......... .......... .......... .......... 68% 87.6M 0s
 14050K .......... .......... .......... .......... .......... 68% 99.6M 0s
 14100K .......... .......... .......... .......... .......... 69% 76.6M 0s
 14150K .......... .......... .......... .......... .......... 69% 85.8M 0s
 14200K .......... .......... .......... .......... .......... 69% 96.5M 0s
 14250K .......... .......... .......... .......... .......... 69% 79.8M 0s
 14300K .......... .......... .......... .......... .......... 70%  107M 0s
 14350K .......... .......... .......... .......... .......... 70% 71.5M 0s
 14400K .......... .......... .......... .......... .......... 70% 88.1M 0s
 14450K .......... .......... .......... .......... .......... 70% 97.3M 0s
 14500K .......... .......... .......... .......... .......... 71% 72.2M 0s
 14550K .......... .......... .......... .......... .......... 71%  102M 0s
 14600K .......... .......... .......... .......... .......... 71%  109M 0s
 14650K .......... .......... .......... .......... .......... 71% 65.1M 0s
 14700K .......... .......... .......... .......... .......... 72% 95.6M 0s
 14750K .......... .......... .......... .......... .......... 72% 90.9M 0s
 14800K .......... .......... .......... .......... .......... 72%  118M 0s
 14850K .......... .......... .......... .......... .......... 72% 5.28M 0s
 14900K .......... .......... .......... .......... .......... 73% 79.7M 0s
 14950K .......... .......... .......... .......... .......... 73%  108M 0s
 15000K .......... .......... .......... .......... .......... 73% 92.6M 0s
 15050K .......... .......... .......... .......... .......... 73% 72.4M 0s
 15100K .......... .......... .......... .......... .......... 74% 94.6M 0s
 15150K .......... .......... .......... .......... .......... 74%  103M 0s
 15200K .......... .......... .......... .......... .......... 74% 73.3M 0s
 15250K .......... .......... .......... .......... .......... 74%  102M 0s
 15300K .......... .......... .......... .......... .......... 75%  106M 0s
 15350K .......... .......... .......... .......... .......... 75% 79.6M 0s
 15400K .......... .......... .......... .......... .......... 75% 88.4M 0s
 15450K .......... .......... .......... .......... .......... 75% 80.4M 0s
 15500K .......... .......... .......... .......... .......... 75% 79.1M 0s
 15550K .......... .......... .......... .......... .......... 76% 97.4M 0s
 15600K .......... .......... .......... .......... .......... 76% 73.3M 0s
 15650K .......... .......... .......... .......... .......... 76% 90.9M 0s
 15700K .......... .......... .......... .......... .......... 76%  104M 0s
 15750K .......... .......... .......... .......... .......... 77% 97.3M 0s
 15800K .......... .......... .......... .......... .......... 77% 77.4M 0s
 15850K .......... .......... .......... .......... .......... 77% 93.9M 0s
 15900K .......... .......... .......... .......... .......... 77% 83.2M 0s
 15950K .......... .......... .......... .......... .......... 78% 89.1M 0s
 16000K .......... .......... .......... .......... .......... 78% 94.7M 0s
 16050K .......... .......... .......... .......... .......... 78% 77.2M 0s
 16100K .......... .......... .......... .......... .......... 78% 98.0M 0s
 16150K .......... .......... .......... .......... .......... 79% 5.83M 0s
 16200K .......... .......... .......... .......... .......... 79% 79.0M 0s
 16250K .......... .......... .......... .......... .......... 79% 98.7M 0s
 16300K .......... .......... .......... .......... .......... 79% 73.1M 0s
 16350K .......... .......... .......... .......... .......... 80% 96.9M 0s
 16400K .......... .......... .......... .......... .......... 80% 86.2M 0s
 16450K .......... .......... .......... .......... .......... 80% 94.3M 0s
 16500K .......... .......... .......... .......... .......... 80% 75.4M 0s
 16550K .......... .......... .......... .......... .......... 81%  112M 0s
 16600K .......... .......... .......... .......... .......... 81% 80.8M 0s
 16650K .......... .......... .......... .......... .......... 81% 80.9M 0s
 16700K .......... .......... .......... .......... .......... 81% 99.6M 0s
 16750K .......... .......... .......... .......... .......... 82% 77.7M 0s
 16800K .......... .......... .......... .......... .......... 82% 93.7M 0s
 16850K .......... .......... .......... .......... .......... 82% 85.3M 0s
 16900K .......... .......... .......... .......... .......... 82% 99.7M 0s
 16950K .......... .......... .......... .......... .......... 83% 88.1M 0s
 17000K .......... .......... .......... .......... .......... 83% 71.0M 0s
 17050K .......... .......... .......... .......... .......... 83%  109M 0s
 17100K .......... .......... .......... .......... .......... 83% 99.7M 0s
 17150K .......... .......... .......... .......... .......... 84% 77.1M 0s
 17200K .......... .......... .......... .......... .......... 84% 86.5M 0s
 17250K .......... .......... .......... .......... .......... 84% 79.9M 0s
 17300K .......... .......... .......... .......... .......... 84% 5.22M 0s
 17350K .......... .......... .......... .......... .......... 85% 82.5M 0s
 17400K .......... .......... .......... .......... .......... 85% 76.3M 0s
 17450K .......... .......... .......... .......... .......... 85%  101M 0s
 17500K .......... .......... .......... .......... .......... 85% 70.9M 0s
 17550K .......... .......... .......... .......... .......... 85%  115M 0s
 17600K .......... .......... .......... .......... .......... 86% 90.7M 0s
 17650K .......... .......... .......... .......... .......... 86% 78.1M 0s
 17700K .......... .......... .......... .......... .......... 86%  100M 0s
 17750K .......... .......... .......... .......... .......... 86% 69.9M 0s
 17800K .......... .......... .......... .......... .......... 87% 88.5M 0s
 17850K .......... .......... .......... .......... .......... 87%  115M 0s
 17900K .......... .......... .......... .......... .......... 87% 86.6M 0s
 17950K .......... .......... .......... .......... .......... 87% 81.2M 0s
 18000K .......... .......... .......... .......... .......... 88%  104M 0s
 18050K .......... .......... .......... .......... .......... 88% 88.8M 0s
 18100K .......... .......... .......... .......... .......... 88%  101M 0s
 18150K .......... .......... .......... .......... .......... 88% 84.3M 0s
 18200K .......... .......... .......... .......... .......... 89%  109M 0s
 18250K .......... .......... .......... .......... .......... 89% 92.0M 0s
 18300K .......... .......... .......... .......... .......... 89% 94.2M 0s
 18350K .......... .......... .......... .......... .......... 89%  102M 0s
 18400K .......... .......... .......... .......... .......... 90% 78.4M 0s
 18450K .......... .......... .......... .......... .......... 90%  104M 0s
 18500K .......... .......... .......... .......... .......... 90% 78.1M 0s
 18550K .......... .......... .......... .......... .......... 90%  112M 0s
 18600K .......... .......... .......... .......... .......... 91% 99.0M 0s
 18650K .......... .......... .......... .......... .......... 91%  101M 0s
 18700K .......... .......... .......... .......... .......... 91% 5.35M 0s
 18750K .......... .......... .......... .......... .......... 91%  110M 0s
 18800K .......... .......... .......... .......... .......... 92%  115M 0s
 18850K .......... .......... .......... .......... .......... 92%  113M 0s
 18900K .......... .......... .......... .......... .......... 92% 91.9M 0s
 18950K .......... .......... .......... .......... .......... 92%  114M 0s
 19000K .......... .......... .......... .......... .......... 93%  109M 0s
 19050K .......... .......... .......... .......... .......... 93%  112M 0s
 19100K .......... .......... .......... .......... .......... 93% 89.3M 0s
 19150K .......... .......... .......... .......... .......... 93%  108M 0s
 19200K .......... .......... .......... .......... .......... 94%  115M 0s
 19250K .......... .......... .......... .......... .......... 94%  113M 0s
 19300K .......... .......... .......... .......... .......... 94% 98.9M 0s
 19350K .......... .......... .......... .......... .......... 94%  116M 0s
 19400K .......... .......... .......... .......... .......... 95%  106M 0s
 19450K .......... .......... .......... .......... .......... 95%  111M 0s
 19500K .......... .......... .......... .......... .......... 95% 99.2M 0s
 19550K .......... .......... .......... .......... .......... 95%  104M 0s
 19600K .......... .......... .......... .......... .......... 96%  114M 0s
 19650K .......... .......... .......... .......... .......... 96%  119M 0s
 19700K .......... .......... .......... .......... .......... 96% 97.6M 0s
 19750K .......... .......... .......... .......... .......... 96%  114M 0s
 19800K .......... .......... .......... .......... .......... 96%  112M 0s
 19850K .......... .......... .......... .......... .......... 97%  108M 0s
 19900K .......... .......... .......... .......... .......... 97% 96.9M 0s
 19950K .......... .......... .......... .......... .......... 97%  115M 0s
 20000K .......... .......... .......... .......... .......... 97%  107M 0s
 20050K .......... .......... .......... .......... .......... 98%  109M 0s
 20100K .......... .......... .......... .......... .......... 98%  101M 0s
 20150K .......... .......... .......... .......... .......... 98%  113M 0s
 20200K .......... .......... .......... .......... .......... 98%  112M 0s
 20250K .......... .......... .......... .......... .......... 99%  115M 0s
 20300K .......... .......... .......... .......... .......... 99% 93.1M 0s
 20350K .......... .......... .......... .......... .......... 99%  111M 0s
 20400K .......... .......... .......... .......... .......... 99%  114M 0s
 20450K .......... ......                                     100% 88.0M=0.4s

2023-03-08 03:48:06 (51.6 MB/s) - ‘/tmp/platform-engine.zip’ saved [20957607/20957607]

Archive:  /tmp/platform-engine.zip
  inflating: /opt/elasticbeanstalk/bin/platform-engine  
  inflating: /opt/elasticbeanstalk/bin/publishlogs  
  inflating: /opt/elasticbeanstalk/bin/get-config  
  inflating: /opt/elasticbeanstalk/bin/pkg-repo  
  inflating: /opt/elasticbeanstalk/config/private/aws-eb-command-handler.conf  
  inflating: /opt/elasticbeanstalk/config/private/aws-eb.target  
  inflating: /opt/elasticbeanstalk/config/private/beanstalk-magic  
  inflating: /opt/elasticbeanstalk/config/private/cfn-hup-wrapper  
  inflating: /opt/elasticbeanstalk/config/private/cfn-hup.conf.template  
  inflating: /opt/elasticbeanstalk/config/private/containercommandsupport/container-defaults.sh  
  inflating: /opt/elasticbeanstalk/config/private/containercommandsupport/leader-test.sh  
  inflating: /opt/elasticbeanstalk/config/private/eb-banner.template  
  inflating: /opt/elasticbeanstalk/config/private/guidlocking/repo.py  
  inflating: /opt/elasticbeanstalk/config/private/healthd/config.yaml.template  
  inflating: /opt/elasticbeanstalk/config/private/healthd/healthd_httpd.conf  
  inflating: /opt/elasticbeanstalk/config/private/healthd/healthd_logformat.conf  
  inflating: /opt/elasticbeanstalk/config/private/healthd/healthd_nginx.conf  
  inflating: /opt/elasticbeanstalk/config/private/healthd/healthddependency  
  inflating: /opt/elasticbeanstalk/config/private/healthd/logcleanup-cron.template  
  inflating: /opt/elasticbeanstalk/config/private/httpd/applicationport.conf.template  
  inflating: /opt/elasticbeanstalk/config/private/httpd/gzip.conf  
  inflating: /opt/elasticbeanstalk/config/private/httpd/httpd.conf.template  
  inflating: /opt/elasticbeanstalk/config/private/httpd/staticfilesmapping.conf.template  
  inflating: /opt/elasticbeanstalk/config/private/logrotate/logrotate-cron.template  
  inflating: /opt/elasticbeanstalk/config/private/logrotate/logrotate.template  
  inflating: /opt/elasticbeanstalk/config/private/logtasks/cron/publishlogs  
  inflating: /opt/elasticbeanstalk/config/private/nginx/applicationport.conf.template  
  inflating: /opt/elasticbeanstalk/config/private/nginx/nginx.conf.template  
  inflating: /opt/elasticbeanstalk/config/private/nginx/staticfilesmapping.conf.template  
 extracting: /opt/elasticbeanstalk/config/private/restartcfn.sh  
  inflating: /opt/elasticbeanstalk/config/private/restartcloudwatchagent.sh  
  inflating: /opt/elasticbeanstalk/config/private/rsyslog.conf.template  
  inflating: /opt/elasticbeanstalk/config/private/ruby_common_env  
  inflating: /opt/elasticbeanstalk/config/private/sqsd/default.yaml.template  
  inflating: /opt/elasticbeanstalk/config/private/sqsd/sqsdversion.json  
  inflating: /opt/elasticbeanstalk/config/private/systemd-append.template  
  inflating: /opt/elasticbeanstalk/config/private/systemd.template  
  inflating: /opt/elasticbeanstalk/config/private/tomcat/7/logging.properties  
  inflating: /opt/elasticbeanstalk/config/private/tomcat/7/server.xml  
  inflating: /opt/elasticbeanstalk/config/private/tomcat/8.5/logging.properties  
  inflating: /opt/elasticbeanstalk/config/private/tomcat/8.5/server.xml  
  inflating: /opt/elasticbeanstalk/config/private/tomcat/server  
  inflating: /opt/elasticbeanstalk/tasks/bundlelogs.d/cfn-system.conf  
 extracting: /opt/elasticbeanstalk/tasks/bundlelogs.d/cloud-init-system.conf  
  inflating: /opt/elasticbeanstalk/tasks/bundlelogs.d/eb-app.conf  
 extracting: /opt/elasticbeanstalk/tasks/bundlelogs.d/eb-hooks.conf  
  inflating: /opt/elasticbeanstalk/tasks/bundlelogs.d/eb-system.conf  
 extracting: /opt/elasticbeanstalk/tasks/bundlelogs.d/rotate.conf  
  inflating: /opt/elasticbeanstalk/tasks/bundlelogs.d/system.conf  
 extracting: /opt/elasticbeanstalk/tasks/publishlogs.d/eb-app.conf  
  inflating: /opt/elasticbeanstalk/tasks/taillogs.d/eb-app.conf  
  inflating: /opt/elasticbeanstalk/tasks/taillogs.d/eb-engine.conf  
[2023-03-08T03:48:09.468Z] Successfully bootstrapped instance.
[2023-03-08T03:48:09.490Z] Sending signal 0 to CFN wait condition https://cloudformation-waitcondition-ap-southeast-2.s3-ap-southeast-2.amazonaws.com/arn%3Aaws%3Acloudformation%3Aap-southeast-2%3A040827032036%3Astack/awseb-e-8u3prpp2mh-stack/d54cde30-bd63-11ed-9054-0242ff029834/AWSEBInstanceLaunchWaitHandle?X-Amz-Algorithm=AWS4-HMAC-SHA256&X-Amz-Date=20230308T034646Z&X-Amz-SignedHeaders=host&X-Amz-Expires=86399&X-Amz-Credential=AKIA6MM33IIZ2V3OQ3EK%2F20230308%2Fap-southeast-2%2Fs3%2Faws4_request&X-Amz-Signature=32d9e0d0ae647e51343e10dfa749733763312ef01dc36be07f45d9307efdde6a
CloudFormation signaled successfully with %s.
[2023-03-08T03:48:10.338Z] Tailing /var/log/eb-commandprocessor.log

******************* eb-commandprocessor taillog *******************
***eb-commandprocessor is not available yet.***
******************* End of taillog *******************


[2023-03-08T03:48:10.354Z] Tailing /var/log/eb-activity.log

******************* eb-activity taillog *******************
***eb-activity is not available yet.***
******************* End of taillog *******************


[2023-03-08T03:48:10.366Z] Tailing /var/log/eb-tools.log

******************* eb-tools taillog *******************
***eb-tools is not available yet.***
******************* End of taillog *******************


[2023-03-08T03:48:10.378Z] Tailing /var/log/eb-version-deployment.log

******************* eb-version-deployment taillog *******************
***eb-version-deployment is not available yet.***
******************* End of taillog *******************


[2023-03-08T03:48:10.390Z] Tailing /var/log/cfn-init.log

******************* cfn-init taillog *******************
2023-03-08 03:48:05,470 [INFO] -----------------------Starting build-----------------------
2023-03-08 03:48:05,476 [INFO] Running configSets: _OnInstanceBoot
2023-03-08 03:48:05,479 [INFO] Running configSet _OnInstanceBoot
2023-03-08 03:48:05,482 [INFO] Running config AWSEBBaseConfig
2023-03-08 03:48:05,730 [INFO] Command clearbackupfiles succeeded
2023-03-08 03:48:05,734 [INFO] Running config AWSEBCfnHupEndpointOverride
2023-03-08 03:48:05,738 [INFO] Command clearbackupfiles succeeded
2023-03-08 03:48:05,739 [INFO] ConfigSets completed
2023-03-08 03:48:05,739 [INFO] -----------------------Build complete-----------------------
******************* End of taillog *******************


[2023-03-08T03:48:10.414Z] Tailing /var/log/cfn-hup.log

******************* cfn-hup taillog *******************
2023-03-08 03:48:10,096 [DEBUG] CloudFormation client initialized with endpoint https://cloudformation.ap-southeast-2.amazonaws.com
2023-03-08 03:48:10,097 [DEBUG] SQS client initialized with endpoint https://sqs.ap-southeast-2.amazonaws.com
2023-03-08 03:48:10,097 [DEBUG] CloudFormation client initialized with endpoint https://cloudformation.ap-southeast-2.amazonaws.com
2023-03-08 03:48:10,097 [DEBUG] Enabled single threading mode.
2023-03-08 03:48:10,097 [DEBUG] Creating /var/lib/cfn-hup/data
2023-03-08 03:48:10,114 [INFO] No umask value specified in config file. Using the default one: 0o22
******************* End of taillog *******************


[2023-03-08T03:48:10.442Z] Completed EB Bootstrapping Script.
+ RESULT=0
+ [[ 0 -ne 0 ]]
+ exit 0
