14-Mar-2023 14:09:17.159 INFO [Thread-4] org.apache.coyote.AbstractProtocol.pause Pausing ProtocolHandler ["http-nio-8080"]
14-Mar-2023 14:09:17.166 INFO [Thread-4] org.apache.catalina.core.StandardService.stopInternal Stopping service [Catalina]
14-Mar-2023 14:09:18.220 WARNING [localhost-startStop-2] org.apache.catalina.loader.WebappClassLoaderBase.clearReferencesJdbc The web application [ROOT] registered the JDBC driver [org.mariadb.jdbc.Driver] but failed to unregister it when the web application was stopped. To prevent a memory leak, the JDBC Driver has been forcibly unregistered.
14-Mar-2023 14:09:18.221 WARNING [localhost-startStop-2] org.apache.catalina.loader.WebappClassLoaderBase.clearReferencesThreads The web application [ROOT] appears to have started a thread named [java-sdk-http-connection-reaper] but has failed to stop it. This is very likely to create a memory leak. Stack trace of thread:
 java.base@11.0.18/java.lang.Thread.sleep(Native Method)
 com.amazonaws.http.IdleConnectionReaper.run(IdleConnectionReaper.java:188)
14-Mar-2023 14:09:18.223 WARNING [localhost-startStop-2] org.apache.catalina.loader.WebappClassLoaderBase.clearReferencesThreads The web application [ROOT] appears to have started a thread named [pool-2-thread-1] but has failed to stop it. This is very likely to create a memory leak. Stack trace of thread:
 java.base@11.0.18/jdk.internal.misc.Unsafe.park(Native Method)
 java.base@11.0.18/java.util.concurrent.locks.LockSupport.park(LockSupport.java:194)
 java.base@11.0.18/java.util.concurrent.locks.AbstractQueuedSynchronizer$ConditionObject.await(AbstractQueuedSynchronizer.java:2081)
 java.base@11.0.18/java.util.concurrent.LinkedBlockingQueue.take(LinkedBlockingQueue.java:433)
 java.base@11.0.18/java.util.concurrent.ThreadPoolExecutor.getTask(ThreadPoolExecutor.java:1054)
 java.base@11.0.18/java.util.concurrent.ThreadPoolExecutor.runWorker(ThreadPoolExecutor.java:1114)
 java.base@11.0.18/java.util.concurrent.ThreadPoolExecutor$Worker.run(ThreadPoolExecutor.java:628)
 java.base@11.0.18/java.lang.Thread.run(Thread.java:829)
14-Mar-2023 14:09:18.227 WARNING [localhost-startStop-2] org.apache.catalina.loader.WebappClassLoaderBase.clearReferencesThreads The web application [ROOT] appears to have started a thread named [pool-2-thread-2] but has failed to stop it. This is very likely to create a memory leak. Stack trace of thread:
 java.base@11.0.18/jdk.internal.misc.Unsafe.park(Native Method)
 java.base@11.0.18/java.util.concurrent.locks.LockSupport.park(LockSupport.java:194)
 java.base@11.0.18/java.util.concurrent.locks.AbstractQueuedSynchronizer$ConditionObject.await(AbstractQueuedSynchronizer.java:2081)
 java.base@11.0.18/java.util.concurrent.LinkedBlockingQueue.take(LinkedBlockingQueue.java:433)
 java.base@11.0.18/java.util.concurrent.ThreadPoolExecutor.getTask(ThreadPoolExecutor.java:1054)
 java.base@11.0.18/java.util.concurrent.ThreadPoolExecutor.runWorker(ThreadPoolExecutor.java:1114)
 java.base@11.0.18/java.util.concurrent.ThreadPoolExecutor$Worker.run(ThreadPoolExecutor.java:628)
 java.base@11.0.18/java.lang.Thread.run(Thread.java:829)
14-Mar-2023 14:09:18.232 WARNING [localhost-startStop-2] org.apache.catalina.loader.WebappClassLoaderBase.clearReferencesThreads The web application [ROOT] appears to have started a thread named [pool-2-thread-3] but has failed to stop it. This is very likely to create a memory leak. Stack trace of thread:
 java.base@11.0.18/jdk.internal.misc.Unsafe.park(Native Method)
 java.base@11.0.18/java.util.concurrent.locks.LockSupport.park(LockSupport.java:194)
 java.base@11.0.18/java.util.concurrent.locks.AbstractQueuedSynchronizer$ConditionObject.await(AbstractQueuedSynchronizer.java:2081)
 java.base@11.0.18/java.util.concurrent.LinkedBlockingQueue.take(LinkedBlockingQueue.java:433)
 java.base@11.0.18/java.util.concurrent.ThreadPoolExecutor.getTask(ThreadPoolExecutor.java:1054)
 java.base@11.0.18/java.util.concurrent.ThreadPoolExecutor.runWorker(ThreadPoolExecutor.java:1114)
 java.base@11.0.18/java.util.concurrent.ThreadPoolExecutor$Worker.run(ThreadPoolExecutor.java:628)
 java.base@11.0.18/java.lang.Thread.run(Thread.java:829)
14-Mar-2023 14:09:18.234 WARNING [localhost-startStop-2] org.apache.catalina.loader.WebappClassLoaderBase.clearReferencesThreads The web application [ROOT] appears to have started a thread named [pool-2-thread-4] but has failed to stop it. This is very likely to create a memory leak. Stack trace of thread:
 java.base@11.0.18/jdk.internal.misc.Unsafe.park(Native Method)
 java.base@11.0.18/java.util.concurrent.locks.LockSupport.park(LockSupport.java:194)
 java.base@11.0.18/java.util.concurrent.locks.AbstractQueuedSynchronizer$ConditionObject.await(AbstractQueuedSynchronizer.java:2081)
 java.base@11.0.18/java.util.concurrent.LinkedBlockingQueue.take(LinkedBlockingQueue.java:433)
 java.base@11.0.18/java.util.concurrent.ThreadPoolExecutor.getTask(ThreadPoolExecutor.java:1054)
 java.base@11.0.18/java.util.concurrent.ThreadPoolExecutor.runWorker(ThreadPoolExecutor.java:1114)
 java.base@11.0.18/java.util.concurrent.ThreadPoolExecutor$Worker.run(ThreadPoolExecutor.java:628)
 java.base@11.0.18/java.lang.Thread.run(Thread.java:829)
14-Mar-2023 14:09:18.234 WARNING [localhost-startStop-2] org.apache.catalina.loader.WebappClassLoaderBase.clearReferencesObjectStreamClassCaches Failed to clear soft references from ObjectStreamClass$Caches for web application [ROOT]
	java.lang.ClassCastException: class java.io.ObjectStreamClass$Caches$1 cannot be cast to class java.util.Map (java.io.ObjectStreamClass$Caches$1 and java.util.Map are in module java.base of loader 'bootstrap')
		at org.apache.catalina.loader.WebappClassLoaderBase.clearCache(WebappClassLoaderBase.java:2342)
		at org.apache.catalina.loader.WebappClassLoaderBase.clearReferencesObjectStreamClassCaches(WebappClassLoaderBase.java:2317)
		at org.apache.catalina.loader.WebappClassLoaderBase.clearReferences(WebappClassLoaderBase.java:1680)
		at org.apache.catalina.loader.WebappClassLoaderBase.stop(WebappClassLoaderBase.java:1610)
		at org.apache.catalina.loader.WebappLoader.stopInternal(WebappLoader.java:455)
		at org.apache.catalina.util.LifecycleBase.stop(LifecycleBase.java:257)
		at org.apache.catalina.core.StandardContext.stopInternal(StandardContext.java:5505)
		at org.apache.catalina.util.LifecycleBase.stop(LifecycleBase.java:257)
		at org.apache.catalina.core.ContainerBase$StopChild.call(ContainerBase.java:1443)
		at org.apache.catalina.core.ContainerBase$StopChild.call(ContainerBase.java:1432)
		at java.base/java.util.concurrent.FutureTask.run(FutureTask.java:264)
		at java.base/java.util.concurrent.ThreadPoolExecutor.runWorker(ThreadPoolExecutor.java:1128)
		at java.base/java.util.concurrent.ThreadPoolExecutor$Worker.run(ThreadPoolExecutor.java:628)
		at java.base/java.lang.Thread.run(Thread.java:829)
14-Mar-2023 14:09:18.239 SEVERE [localhost-startStop-2] org.apache.catalina.loader.WebappClassLoaderBase.checkThreadLocalMapForLeaks The web application [ROOT] created a ThreadLocal with key of type [java.lang.ThreadLocal] (value [java.lang.ThreadLocal@1d355d83]) and a value of type [java.lang.Class] (value [class REF_subreport1_1670989186097_350993]) but failed to remove it when the web application was stopped. Threads are going to be renewed over time to try and avoid a probable memory leak.
14-Mar-2023 14:09:18.275 INFO [Thread-4] org.apache.coyote.AbstractProtocol.stop Stopping ProtocolHandler ["http-nio-8080"]
14-Mar-2023 14:09:18.289 INFO [Thread-4] org.apache.coyote.AbstractProtocol.destroy Destroying ProtocolHandler ["http-nio-8080"]
14-Mar-2023 14:09:21.108 INFO [main] org.apache.catalina.startup.VersionLoggerListener.log Server version name:   Apache Tomcat/8.5.79
14-Mar-2023 14:09:21.122 INFO [main] org.apache.catalina.startup.VersionLoggerListener.log Server built:          Nov 18 2022 22:27:28 UTC
14-Mar-2023 14:09:21.123 INFO [main] org.apache.catalina.startup.VersionLoggerListener.log Server version number: 8.5.79.0
14-Mar-2023 14:09:21.125 INFO [main] org.apache.catalina.startup.VersionLoggerListener.log OS Name:               Linux
14-Mar-2023 14:09:21.125 INFO [main] org.apache.catalina.startup.VersionLoggerListener.log OS Version:            4.14.305-227.531.amzn2.x86_64
14-Mar-2023 14:09:21.126 INFO [main] org.apache.catalina.startup.VersionLoggerListener.log Architecture:          amd64
14-Mar-2023 14:09:21.127 INFO [main] org.apache.catalina.startup.VersionLoggerListener.log Java Home:             /usr/lib/jvm/java-11-amazon-corretto.x86_64
14-Mar-2023 14:09:21.127 INFO [main] org.apache.catalina.startup.VersionLoggerListener.log JVM Version:           11.0.18+10-LTS
14-Mar-2023 14:09:21.128 INFO [main] org.apache.catalina.startup.VersionLoggerListener.log JVM Vendor:            Amazon.com Inc.
14-Mar-2023 14:09:21.130 INFO [main] org.apache.catalina.startup.VersionLoggerListener.log CATALINA_BASE:         /usr/share/tomcat
14-Mar-2023 14:09:21.131 INFO [main] org.apache.catalina.startup.VersionLoggerListener.log CATALINA_HOME:         /usr/share/tomcat
14-Mar-2023 14:09:21.131 INFO [main] org.apache.catalina.core.AprLifecycleListener.lifecycleEvent The Apache Tomcat Native library which allows using OpenSSL was not found on the java.library.path: [/usr/java/packages/lib:/usr/lib64:/lib64:/lib:/usr/lib]
14-Mar-2023 14:09:21.239 INFO [main] org.apache.coyote.AbstractProtocol.init Initializing ProtocolHandler ["http-nio-8080"]
14-Mar-2023 14:09:21.332 INFO [main] org.apache.catalina.startup.Catalina.load Initialization processed in 1636 ms
14-Mar-2023 14:09:21.491 INFO [main] org.apache.catalina.core.StandardService.startInternal Starting service [Catalina]
14-Mar-2023 14:09:21.492 INFO [main] org.apache.catalina.core.StandardEngine.startInternal Starting Servlet engine: [Apache Tomcat/8.5.79]
14-Mar-2023 14:09:21.522 INFO [localhost-startStop-1] org.apache.catalina.startup.HostConfig.deployDirectory Deploying web application directory [/var/lib/tomcat/webapps/ROOT]
14-Mar-2023 14:09:35.196 INFO [localhost-startStop-1] org.apache.jasper.servlet.TldScanner.scanJars At least one JAR was scanned for TLDs yet contained no TLDs. Enable debug logging for this logger for a complete list of JARs that were scanned but no TLDs were found in them. Skipping unneeded JARs during scanning can improve startup time and JSP compilation time.
14-Mar-2023 14:10:00.379 INFO [localhost-startStop-1] org.apache.catalina.startup.HostConfig.deployDirectory Deployment of web application directory [/var/lib/tomcat/webapps/ROOT] has finished in [38,855] ms
14-Mar-2023 14:10:00.385 INFO [main] org.apache.coyote.AbstractProtocol.start Starting ProtocolHandler ["http-nio-8080"]
14-Mar-2023 14:10:00.442 INFO [main] org.apache.catalina.startup.Catalina.start Server startup in 39109 ms
14-Mar-2023 14:10:58.337 INFO [http-nio-8080-exec-10] org.apache.tomcat.util.http.Parameters.processParameters Character decoding failed. Parameter [username] with value [<%=username%>] has been ignored. Note that the name and value quoted here may be corrupted due to the failed decoding. Use debug level logging to see the original, non-corrupted values.
 Note: further occurrences of Parameter errors will be logged at DEBUG level.
14-Mar-2023 19:46:48.220 INFO [Thread-4] org.apache.coyote.AbstractProtocol.pause Pausing ProtocolHandler ["http-nio-8080"]
14-Mar-2023 19:46:48.223 INFO [Thread-4] org.apache.catalina.core.StandardService.stopInternal Stopping service [Catalina]
14-Mar-2023 19:46:49.368 WARNING [localhost-startStop-2] org.apache.catalina.loader.WebappClassLoaderBase.clearReferencesJdbc The web application [ROOT] registered the JDBC driver [org.mariadb.jdbc.Driver] but failed to unregister it when the web application was stopped. To prevent a memory leak, the JDBC Driver has been forcibly unregistered.
14-Mar-2023 19:46:49.373 WARNING [localhost-startStop-2] org.apache.catalina.loader.WebappClassLoaderBase.clearReferencesThreads The web application [ROOT] appears to have started a thread named [java-sdk-http-connection-reaper] but has failed to stop it. This is very likely to create a memory leak. Stack trace of thread:
 java.base@11.0.18/java.lang.Thread.sleep(Native Method)
 com.amazonaws.http.IdleConnectionReaper.run(IdleConnectionReaper.java:188)
14-Mar-2023 19:46:49.375 WARNING [localhost-startStop-2] org.apache.catalina.loader.WebappClassLoaderBase.clearReferencesObjectStreamClassCaches Failed to clear soft references from ObjectStreamClass$Caches for web application [ROOT]
	java.lang.ClassCastException: class java.io.ObjectStreamClass$Caches$1 cannot be cast to class java.util.Map (java.io.ObjectStreamClass$Caches$1 and java.util.Map are in module java.base of loader 'bootstrap')
		at org.apache.catalina.loader.WebappClassLoaderBase.clearCache(WebappClassLoaderBase.java:2342)
		at org.apache.catalina.loader.WebappClassLoaderBase.clearReferencesObjectStreamClassCaches(WebappClassLoaderBase.java:2317)
		at org.apache.catalina.loader.WebappClassLoaderBase.clearReferences(WebappClassLoaderBase.java:1680)
		at org.apache.catalina.loader.WebappClassLoaderBase.stop(WebappClassLoaderBase.java:1610)
		at org.apache.catalina.loader.WebappLoader.stopInternal(WebappLoader.java:455)
		at org.apache.catalina.util.LifecycleBase.stop(LifecycleBase.java:257)
		at org.apache.catalina.core.StandardContext.stopInternal(StandardContext.java:5505)
		at org.apache.catalina.util.LifecycleBase.stop(LifecycleBase.java:257)
		at org.apache.catalina.core.ContainerBase$StopChild.call(ContainerBase.java:1443)
		at org.apache.catalina.core.ContainerBase$StopChild.call(ContainerBase.java:1432)
		at java.base/java.util.concurrent.FutureTask.run(FutureTask.java:264)
		at java.base/java.util.concurrent.ThreadPoolExecutor.runWorker(ThreadPoolExecutor.java:1128)
		at java.base/java.util.concurrent.ThreadPoolExecutor$Worker.run(ThreadPoolExecutor.java:628)
		at java.base/java.lang.Thread.run(Thread.java:829)
14-Mar-2023 19:46:49.401 INFO [Thread-4] org.apache.coyote.AbstractProtocol.stop Stopping ProtocolHandler ["http-nio-8080"]
14-Mar-2023 19:46:49.408 INFO [Thread-4] org.apache.coyote.AbstractProtocol.destroy Destroying ProtocolHandler ["http-nio-8080"]
14-Mar-2023 19:46:52.241 INFO [main] org.apache.catalina.startup.VersionLoggerListener.log Server version name:   Apache Tomcat/8.5.79
14-Mar-2023 19:46:52.253 INFO [main] org.apache.catalina.startup.VersionLoggerListener.log Server built:          Nov 18 2022 22:27:28 UTC
14-Mar-2023 19:46:52.254 INFO [main] org.apache.catalina.startup.VersionLoggerListener.log Server version number: 8.5.79.0
14-Mar-2023 19:46:52.255 INFO [main] org.apache.catalina.startup.VersionLoggerListener.log OS Name:               Linux
14-Mar-2023 19:46:52.256 INFO [main] org.apache.catalina.startup.VersionLoggerListener.log OS Version:            4.14.305-227.531.amzn2.x86_64
14-Mar-2023 19:46:52.257 INFO [main] org.apache.catalina.startup.VersionLoggerListener.log Architecture:          amd64
14-Mar-2023 19:46:52.258 INFO [main] org.apache.catalina.startup.VersionLoggerListener.log Java Home:             /usr/lib/jvm/java-11-amazon-corretto.x86_64
14-Mar-2023 19:46:52.259 INFO [main] org.apache.catalina.startup.VersionLoggerListener.log JVM Version:           11.0.18+10-LTS
14-Mar-2023 19:46:52.259 INFO [main] org.apache.catalina.startup.VersionLoggerListener.log JVM Vendor:            Amazon.com Inc.
14-Mar-2023 19:46:52.260 INFO [main] org.apache.catalina.startup.VersionLoggerListener.log CATALINA_BASE:         /usr/share/tomcat
14-Mar-2023 19:46:52.262 INFO [main] org.apache.catalina.startup.VersionLoggerListener.log CATALINA_HOME:         /usr/share/tomcat
14-Mar-2023 19:46:52.263 INFO [main] org.apache.catalina.core.AprLifecycleListener.lifecycleEvent The Apache Tomcat Native library which allows using OpenSSL was not found on the java.library.path: [/usr/java/packages/lib:/usr/lib64:/lib64:/lib:/usr/lib]
14-Mar-2023 19:46:52.361 INFO [main] org.apache.coyote.AbstractProtocol.init Initializing ProtocolHandler ["http-nio-8080"]
14-Mar-2023 19:46:52.443 INFO [main] org.apache.catalina.startup.Catalina.load Initialization processed in 1593 ms
14-Mar-2023 19:46:52.618 INFO [main] org.apache.catalina.core.StandardService.startInternal Starting service [Catalina]
14-Mar-2023 19:46:52.620 INFO [main] org.apache.catalina.core.StandardEngine.startInternal Starting Servlet engine: [Apache Tomcat/8.5.79]
14-Mar-2023 19:46:52.646 INFO [localhost-startStop-1] org.apache.catalina.startup.HostConfig.deployDirectory Deploying web application directory [/var/lib/tomcat/webapps/ROOT]
14-Mar-2023 19:47:07.378 INFO [localhost-startStop-1] org.apache.jasper.servlet.TldScanner.scanJars At least one JAR was scanned for TLDs yet contained no TLDs. Enable debug logging for this logger for a complete list of JARs that were scanned but no TLDs were found in them. Skipping unneeded JARs during scanning can improve startup time and JSP compilation time.
14-Mar-2023 19:47:33.229 INFO [localhost-startStop-1] org.apache.catalina.startup.HostConfig.deployDirectory Deployment of web application directory [/var/lib/tomcat/webapps/ROOT] has finished in [40,580] ms
14-Mar-2023 19:47:33.233 INFO [main] org.apache.coyote.AbstractProtocol.start Starting ProtocolHandler ["http-nio-8080"]
14-Mar-2023 19:47:33.308 INFO [main] org.apache.catalina.startup.Catalina.start Server startup in 40865 ms
